#
# There is insufficient memory for the Java Runtime Environment to continue.
# Native memory allocation (mmap) failed to map 14528512 bytes for committing reserved memory.
# Possible reasons:
#   The system is out of physical RAM or swap space
#   In 32 bit mode, the process size limit was hit
# Possible solutions:
#   Reduce memory load on the system
#   Increase physical memory or swap space
#   Check if swap backing store is full
#   Use 64 bit Java on a 64 bit OS
#   Decrease Java heap size (-Xmx/-Xms)
#   Decrease number of Java threads
#   Decrease Java thread stack sizes (-Xss)
#   Set larger code cache with -XX:ReservedCodeCacheSize=
# This output file may be truncated or incomplete.
#
#  Out of Memory Error (os_linux.cpp:2743), pid=4694, tid=0x00007fa9d4625700
#
# JRE version: Java(TM) SE Runtime Environment (8.0_191-b12) (build 1.8.0_191-b12)
# Java VM: Java HotSpot(TM) 64-Bit Server VM (25.191-b12 mixed mode linux-amd64 compressed oops)
# Failed to write core dump. Core dumps have been disabled. To enable core dumping, try "ulimit -c unlimited" before starting Java again
#

---------------  T H R E A D  ---------------

Current thread (0x00007fa9e406d800):  VMThread [stack: 0x00007fa9d4526000,0x00007fa9d4626000] [id=4696]

Stack: [0x00007fa9d4526000,0x00007fa9d4626000],  sp=0x00007fa9d4623890,  free space=1014k
Native frames: (J=compiled Java code, j=interpreted, Vv=VM code, C=native code)
V  [libjvm.so+0xace425]  VMError::report_and_die()+0x2c5
V  [libjvm.so+0x4deb77]  report_vm_out_of_memory(char const*, int, unsigned long, VMErrorType, char const*)+0x67
V  [libjvm.so+0x90c570]  os::pd_commit_memory(char*, unsigned long, unsigned long, bool)+0x100
V  [libjvm.so+0x903eaf]  os::commit_memory(char*, unsigned long, unsigned long, bool)+0x1f
V  [libjvm.so+0xacaec0]  VirtualSpace::expand_by(unsigned long, bool)+0x140
V  [libjvm.so+0x5e9dbf]  OneContigSpaceCardGeneration::grow_to_reserved()+0x5f
V  [libjvm.so+0x5ea0a7]  OneContigSpaceCardGeneration::expand_and_allocate(unsigned long, bool, bool)+0x247
V  [libjvm.so+0x5d6366]  GenCollectedHeap::handle_failed_promotion(Generation*, oopDesc*, unsigned long)+0x56
V  [libjvm.so+0x4e7b60]  FastScanClosure::do_oop(oopDesc**)+0x100
V  [libjvm.so+0x8fafd8]  OopMapSet::oops_do(frame const*, RegisterMap const*, OopClosure*)+0x438
V  [libjvm.so+0x57d1c9]  frame::oops_do_internal(OopClosure*, CLDClosure*, CodeBlobClosure*, RegisterMap*, bool)+0x99
V  [libjvm.so+0xa6a1d8]  JavaThread::oops_do(OopClosure*, CLDClosure*, CodeBlobClosure*)+0x178
V  [libjvm.so+0xa701b1]  Threads::possibly_parallel_oops_do(OopClosure*, CLDClosure*, CodeBlobClosure*)+0x61
V  [libjvm.so+0x5d4624]  GenCollectedHeap::process_roots(bool, GenCollectedHeap::ScanningOption, OopClosure*, OopClosure*, CLDClosure*, CLDClosure*, CodeBlobClosure*)+0x74
V  [libjvm.so+0x5d487b]  GenCollectedHeap::gen_process_roots(int, bool, bool, GenCollectedHeap::ScanningOption, bool, OopsInGenClosure*, OopsInGenClosure*, CLDClosure*)+0x7b
V  [libjvm.so+0x4e5098]  DefNewGeneration::collect(bool, bool, unsigned long, bool)+0x448
V  [libjvm.so+0x5d59b7]  GenCollectedHeap::do_collection(bool, bool, unsigned long, bool, int)+0x4e7
V  [libjvm.so+0x46028c]  GenCollectorPolicy::satisfy_failed_allocation(unsigned long, bool)+0xfc
V  [libjvm.so+0xacf2bf]  VM_GenCollectForAllocation::doit()+0x8f
V  [libjvm.so+0xad50f6]  VM_Operation::evaluate()+0x46
V  [libjvm.so+0xad347d]  VMThread::evaluate_operation(VM_Operation*) [clone .constprop.44]+0xcd
V  [libjvm.so+0xad3a3b]  VMThread::loop()+0x37b
V  [libjvm.so+0xad3de8]  VMThread::run()+0x78
V  [libjvm.so+0x909c92]  java_start(Thread*)+0x102

JavaThread 0x00007fa9e4009000 (nid = 4695) was being processed
Java frames: (J=compiled Java code, j=interpreted, Vv=VM code)
v  ~RuntimeStub::_new_array_nozero_Java
J 1188% C2 org.apache.activemq.util.MarshallingSupport.convertUTF8WithBuf([B[CII)Ljava/lang/String; (262 bytes) @ 0x00007fa9d5428930 [0x00007fa9d54283e0+0x550]
j  org.apache.activemq.util.MarshallingSupport.readUTF8(Ljava/io/DataInput;)Ljava/lang/String;+33
j  org.apache.activemq.command.ActiveMQTextMessage.decodeContent(Lorg/apache/activemq/util/ByteSequence;)Ljava/lang/String;+45
j  org.apache.activemq.command.ActiveMQTextMessage.getText()Ljava/lang/String;+19
j  consumer_durability_efs.receive()V+137
j  consumer_durability_efs.main([Ljava/lang/String;)V+57
v  ~StubRoutines::call_stub
VM_Operation (0x00007fa9eaeac5b0): GenCollectForAllocation, mode: safepoint, requested by thread 0x00007fa9e4009000


---------------  P R O C E S S  ---------------

Java Threads: ( => current thread )
  0x00007fa9b8521800 JavaThread "ActiveMQ Session Task-1" [_thread_blocked, id=4707, stack(0x00007fa9c04b6000,0x00007fa9c05b7000)]
  0x00007fa9b847f000 JavaThread "ActiveMQ InactivityMonitor WriteCheckTimer" daemon [_thread_blocked, id=4706, stack(0x00007fa9c05b7000,0x00007fa9c06b8000)]
  0x00007fa9e42b5800 JavaThread "ActiveMQ Transport: ssl://b-726b27b9-00bd-45bb-a32d-3afbe97add9c-1.mq.ap-northeast-2.amazonaws.com/13.124.116.44:61617" [_thread_in_native, id=4705, stack(0x00007fa9c06b8000,0x00007fa9c07b9000)]
  0x00007fa9e42b0000 JavaThread "ActiveMQ InactivityMonitor ReadCheckTimer" daemon [_thread_blocked, id=4704, stack(0x00007fa9c07b9000,0x00007fa9c08ba000)]
  0x00007fa9e40ce000 JavaThread "Service Thread" daemon [_thread_blocked, id=4702, stack(0x00007fa9c19d5000,0x00007fa9c1ad6000)]
  0x00007fa9e40b1000 JavaThread "C1 CompilerThread1" daemon [_thread_blocked, id=4701, stack(0x00007fa9d4021000,0x00007fa9d4121000)]
  0x00007fa9e40ae800 JavaThread "C2 CompilerThread0" daemon [_thread_blocked, id=4700, stack(0x00007fa9d4122000,0x00007fa9d4222000)]
  0x00007fa9e40ad000 JavaThread "Signal Dispatcher" daemon [_thread_blocked, id=4699, stack(0x00007fa9d4222000,0x00007fa9d4323000)]
  0x00007fa9e407a000 JavaThread "Finalizer" daemon [_thread_blocked, id=4698, stack(0x00007fa9d4323000,0x00007fa9d4424000)]
  0x00007fa9e4077800 JavaThread "Reference Handler" daemon [_thread_blocked, id=4697, stack(0x00007fa9d4424000,0x00007fa9d4525000)]
  0x00007fa9e4009000 JavaThread "main" [_thread_blocked, id=4695, stack(0x00007fa9eadae000,0x00007fa9eaeae000)]

Other Threads:
=>0x00007fa9e406d800 VMThread [stack: 0x00007fa9d4526000,0x00007fa9d4626000] [id=4696]
  0x00007fa9e40d3000 WatcherThread [stack: 0x00007fa9c18d5000,0x00007fa9c19d5000] [id=4703]

VM state:at safepoint (normal execution)

VM Mutex/Monitor currently owned by a thread:  ([mutex/lock_event])
[0x00007fa9e4006990] Threads_lock - owner thread: 0x00007fa9e406d800
[0x00007fa9e4006e90] Heap_lock - owner thread: 0x00007fa9e4009000

Heap:
 def new generation   total 69888K, used 60961K [0x00000000f0800000, 0x00000000f53d0000, 0x00000000f5aa0000)
  eden space 62144K,  98% used [0x00000000f0800000, 0x00000000f4388180, 0x00000000f44b0000)
  from space 7744K,   0% used [0x00000000f4c40000, 0x00000000f4c404a8, 0x00000000f53d0000)
  to   space 7744K,   0% used [0x00000000f44b0000, 0x00000000f44b0020, 0x00000000f4c40000)
 tenured generation   total 155156K, used 123144K [0x00000000f5aa0000, 0x00000000ff225000, 0x0000000100000000)
   the space 155156K,  79% used [0x00000000f5aa0000, 0x00000000fd2e2110, 0x00000000fd2e2200, 0x00000000ff225000)
 Metaspace       used 11300K, capacity 11532K, committed 11648K, reserved 1058816K
  class space    used 1298K, capacity 1390K, committed 1408K, reserved 1048576K

Card table byte_map: [0x00007fa9ead28000,0x00007fa9eada5000] byte_map_base: 0x00007fa9ea5a4000

Polling page: 0x00007fa9eaeb6000

CodeCache: size=245760Kb used=4229Kb max_used=4242Kb free=241530Kb
 bounds [0x00007fa9d5000000, 0x00007fa9d5430000, 0x00007fa9e4000000]
 total_blobs=1540 nmethods=1189 adapters=265
 compilation: enabled

Compilation events (10 events):
Event: 4.087 Thread 0x00007fa9e40ae800 1185       4       sun.security.ssl.InputRecord::checkMacTags (67 bytes)
Event: 4.091 Thread 0x00007fa9e40ae800 nmethod 1185 0x00007fa9d541f450 code [0x00007fa9d541f5c0, 0x00007fa9d541f8a8]
Event: 4.121 Thread 0x00007fa9e40b1000 1186       3       org.apache.activemq.openwire.BooleanStream::readBoolean (90 bytes)
Event: 4.128 Thread 0x00007fa9e40b1000 nmethod 1186 0x00007fa9d5413a90 code [0x00007fa9d5413c00, 0x00007fa9d5413e50]
Event: 4.330 Thread 0x00007fa9e40b1000 1187       3       java.util.HashMap::put (13 bytes)
Event: 4.331 Thread 0x00007fa9e40b1000 nmethod 1187 0x00007fa9d541edd0 code [0x00007fa9d541ef60, 0x00007fa9d541f310]
Event: 4.358 Thread 0x00007fa9e40ae800 1188 %     4       org.apache.activemq.util.MarshallingSupport::convertUTF8WithBuf @ 6 (262 bytes)
Event: 4.372 Thread 0x00007fa9e40ae800 nmethod 1188% 0x00007fa9d5428250 code [0x00007fa9d54283e0, 0x00007fa9d5428b18]
Event: 4.378 Thread 0x00007fa9e40ae800 1189       4       org.apache.activemq.util.MarshallingSupport::convertUTF8WithBuf (262 bytes)
Event: 4.385 Thread 0x00007fa9e40ae800 nmethod 1189 0x00007fa9d5422950 code [0x00007fa9d5422ae0, 0x00007fa9d5423138]

GC Heap History (10 events):
Event: 3.038 GC heap after
Heap after GC invocations=16 (full 4):
 def new generation   total 69888K, used 0K [0x00000000f0800000, 0x00000000f53d0000, 0x00000000f5aa0000)
  eden space 62144K,   0% used [0x00000000f0800000, 0x00000000f0800000, 0x00000000f44b0000)
  from space 7744K,   0% used [0x00000000f44b0000, 0x00000000f44b0000, 0x00000000f4c40000)
  to   space 7744K,   0% used [0x00000000f4c40000, 0x00000000f4c40000, 0x00000000f53d0000)
 tenured generation   total 155156K, used 93092K [0x00000000f5aa0000, 0x00000000ff225000, 0x0000000100000000)
   the space 155156K,  59% used [0x00000000f5aa0000, 0x00000000fb589090, 0x00000000fb589200, 0x00000000ff225000)
 Metaspace       used 11298K, capacity 11532K, committed 11648K, reserved 1058816K
  class space    used 1298K, capacity 1390K, committed 1408K, reserved 1048576K
}
Event: 3.096 GC heap before
{Heap before GC invocations=16 (full 4):
 def new generation   total 69888K, used 62144K [0x00000000f0800000, 0x00000000f53d0000, 0x00000000f5aa0000)
  eden space 62144K, 100% used [0x00000000f0800000, 0x00000000f44b0000, 0x00000000f44b0000)
  from space 7744K,   0% used [0x00000000f44b0000, 0x00000000f44b0000, 0x00000000f4c40000)
  to   space 7744K,   0% used [0x00000000f4c40000, 0x00000000f4c40000, 0x00000000f53d0000)
 tenured generation   total 155156K, used 93092K [0x00000000f5aa0000, 0x00000000ff225000, 0x0000000100000000)
   the space 155156K,  59% used [0x00000000f5aa0000, 0x00000000fb589090, 0x00000000fb589200, 0x00000000ff225000)
 Metaspace       used 11299K, capacity 11532K, committed 11648K, reserved 1058816K
  class space    used 1298K, capacity 1390K, committed 1408K, reserved 1048576K
Event: 3.203 GC heap after
Heap after GC invocations=17 (full 4):
 def new generation   total 69888K, used 1K [0x00000000f0800000, 0x00000000f53d0000, 0x00000000f5aa0000)
  eden space 62144K,   0% used [0x00000000f0800000, 0x00000000f0800000, 0x00000000f44b0000)
  from space 7744K,   0% used [0x00000000f4c40000, 0x00000000f4c405c0, 0x00000000f53d0000)
  to   space 7744K,   0% used [0x00000000f44b0000, 0x00000000f44b0000, 0x00000000f4c40000)
 tenured generation   total 155156K, used 153193K [0x00000000f5aa0000, 0x00000000ff225000, 0x0000000100000000)
   the space 155156K,  98% used [0x00000000f5aa0000, 0x00000000ff03a620, 0x00000000ff03a800, 0x00000000ff225000)
 Metaspace       used 11299K, capacity 11532K, committed 11648K, reserved 1058816K
  class space    used 1298K, capacity 1390K, committed 1408K, reserved 1048576K
}
Event: 3.306 GC heap before
{Heap before GC invocations=17 (full 4):
 def new generation   total 69888K, used 3585K [0x00000000f0800000, 0x00000000f53d0000, 0x00000000f5aa0000)
  eden space 62144K,   5% used [0x00000000f0800000, 0x00000000f0b7ffa8, 0x00000000f44b0000)
  from space 7744K,   0% used [0x00000000f4c40000, 0x00000000f4c405c0, 0x00000000f53d0000)
  to   space 7744K,   0% used [0x00000000f44b0000, 0x00000000f44b0000, 0x00000000f4c40000)
 tenured generation   total 155156K, used 153193K [0x00000000f5aa0000, 0x00000000ff225000, 0x0000000100000000)
   the space 155156K,  98% used [0x00000000f5aa0000, 0x00000000ff03a620, 0x00000000ff03a800, 0x00000000ff225000)
 Metaspace       used 11299K, capacity 11532K, committed 11648K, reserved 1058816K
  class space    used 1298K, capacity 1390K, committed 1408K, reserved 1048576K
Event: 3.309 GC heap after
Heap after GC invocations=18 (full 4):
 def new generation   total 69888K, used 1K [0x00000000f0800000, 0x00000000f53d0000, 0x00000000f5aa0000)
  eden space 62144K,   0% used [0x00000000f0800000, 0x00000000f0800000, 0x00000000f44b0000)
  from space 7744K,   0% used [0x00000000f44b0000, 0x00000000f44b0748, 0x00000000f4c40000)
  to   space 7744K,   0% used [0x00000000f4c40000, 0x00000000f4c40000, 0x00000000f53d0000)
 tenured generation   total 155156K, used 153193K [0x00000000f5aa0000, 0x00000000ff225000, 0x0000000100000000)
   the space 155156K,  98% used [0x00000000f5aa0000, 0x00000000ff03a620, 0x00000000ff03a800, 0x00000000ff225000)
 Metaspace       used 11299K, capacity 11532K, committed 11648K, reserved 1058816K
  class space    used 1298K, capacity 1390K, committed 1408K, reserved 1048576K
}
Event: 3.373 GC heap before
{Heap before GC invocations=18 (full 4):
 def new generation   total 69888K, used 62145K [0x00000000f0800000, 0x00000000f53d0000, 0x00000000f5aa0000)
  eden space 62144K, 100% used [0x00000000f0800000, 0x00000000f44b0000, 0x00000000f44b0000)
  from space 7744K,   0% used [0x00000000f44b0000, 0x00000000f44b0748, 0x00000000f4c40000)
  to   space 7744K,   0% used [0x00000000f4c40000, 0x00000000f4c40000, 0x00000000f53d0000)
 tenured generation   total 155156K, used 153193K [0x00000000f5aa0000, 0x00000000ff225000, 0x0000000100000000)
   the space 155156K,  98% used [0x00000000f5aa0000, 0x00000000ff03a620, 0x00000000ff03a800, 0x00000000ff225000)
 Metaspace       used 11299K, capacity 11532K, committed 11648K, reserved 1058816K
  class space    used 1298K, capacity 1390K, committed 1408K, reserved 1048576K
Event: 3.401 GC heap after
Heap after GC invocations=19 (full 5):
 def new generation   total 69888K, used 0K [0x00000000f0800000, 0x00000000f53d0000, 0x00000000f5aa0000)
  eden space 62144K,   0% used [0x00000000f0800000, 0x00000000f0800000, 0x00000000f44b0000)
  from space 7744K,   0% used [0x00000000f44b0000, 0x00000000f44b0000, 0x00000000f4c40000)
  to   space 7744K,   0% used [0x00000000f4c40000, 0x00000000f4c40000, 0x00000000f53d0000)
 tenured generation   total 155156K, used 93093K [0x00000000f5aa0000, 0x00000000ff225000, 0x0000000100000000)
   the space 155156K,  59% used [0x00000000f5aa0000, 0x00000000fb589640, 0x00000000fb589800, 0x00000000ff225000)
 Metaspace       used 11299K, capacity 11532K, committed 11648K, reserved 1058816K
  class space    used 1298K, capacity 1390K, committed 1408K, reserved 1048576K
}
Event: 4.337 GC heap before
{Heap before GC invocations=19 (full 5):
 def new generation   total 69888K, used 55998K [0x00000000f0800000, 0x00000000f53d0000, 0x00000000f5aa0000)
  eden space 62144K,  90% used [0x00000000f0800000, 0x00000000f3eaf888, 0x00000000f44b0000)
  from space 7744K,   0% used [0x00000000f44b0000, 0x00000000f44b0000, 0x00000000f4c40000)
  to   space 7744K,   0% used [0x00000000f4c40000, 0x00000000f4c40000, 0x00000000f53d0000)
 tenured generation   total 155156K, used 93093K [0x00000000f5aa0000, 0x00000000ff225000, 0x0000000100000000)
   the space 155156K,  59% used [0x00000000f5aa0000, 0x00000000fb589640, 0x00000000fb589800, 0x00000000ff225000)
 Metaspace       used 11300K, capacity 11532K, committed 11648K, reserved 1058816K
  class space    used 1298K, capacity 1390K, committed 1408K, reserved 1048576K
Event: 4.345 GC heap after
Heap after GC invocations=20 (full 5):
 def new generation   total 69888K, used 1K [0x00000000f0800000, 0x00000000f53d0000, 0x00000000f5aa0000)
  eden space 62144K,   0% used [0x00000000f0800000, 0x00000000f0800000, 0x00000000f44b0000)
  from space 7744K,   0% used [0x00000000f4c40000, 0x00000000f4c404a8, 0x00000000f53d0000)
  to   space 7744K,   0% used [0x00000000f44b0000, 0x00000000f44b0000, 0x00000000f4c40000)
 tenured generation   total 155156K, used 123144K [0x00000000f5aa0000, 0x00000000ff225000, 0x0000000100000000)
   the space 155156K,  79% used [0x00000000f5aa0000, 0x00000000fd2e2110, 0x00000000fd2e2200, 0x00000000ff225000)
 Metaspace       used 11300K, capacity 11532K, committed 11648K, reserved 1058816K
  class space    used 1298K, capacity 1390K, committed 1408K, reserved 1048576K
}
Event: 4.405 GC heap before
{Heap before GC invocations=20 (full 5):
 def new generation   total 69888K, used 60961K [0x00000000f0800000, 0x00000000f53d0000, 0x00000000f5aa0000)
  eden space 62144K,  98% used [0x00000000f0800000, 0x00000000f4388180, 0x00000000f44b0000)
  from space 7744K,   0% used [0x00000000f4c40000, 0x00000000f4c404a8, 0x00000000f53d0000)
  to   space 7744K,   0% used [0x00000000f44b0000, 0x00000000f44b0000, 0x00000000f4c40000)
 tenured generation   total 155156K, used 123144K [0x00000000f5aa0000, 0x00000000ff225000, 0x0000000100000000)
   the space 155156K,  79% used [0x00000000f5aa0000, 0x00000000fd2e2110, 0x00000000fd2e2200, 0x00000000ff225000)
 Metaspace       used 11300K, capacity 11532K, committed 11648K, reserved 1058816K
  class space    used 1298K, capacity 1390K, committed 1408K, reserved 1048576K

Deoptimization events (10 events):
Event: 1.783 Thread 0x00007fa9e42b5800 Uncommon trap: reason=bimorphic action=maybe_recompile pc=0x00007fa9d52f6868 method=java.io.DataInputStream.readInt()I @ 4
Event: 1.787 Thread 0x00007fa9e42b5800 Uncommon trap: reason=bimorphic action=maybe_recompile pc=0x00007fa9d52f6868 method=java.io.DataInputStream.readInt()I @ 4
Event: 1.793 Thread 0x00007fa9e42b5800 Uncommon trap: reason=class_check action=maybe_recompile pc=0x00007fa9d52d5b30 method=java.util.HashMap.putVal(ILjava/lang/Object;Ljava/lang/Object;ZZ)Ljava/lang/Object; @ 203
Event: 1.793 Thread 0x00007fa9e42b5800 Uncommon trap: reason=class_check action=maybe_recompile pc=0x00007fa9d52d5b30 method=java.util.HashMap.putVal(ILjava/lang/Object;Ljava/lang/Object;ZZ)Ljava/lang/Object; @ 203
Event: 1.793 Thread 0x00007fa9e42b5800 Uncommon trap: reason=class_check action=maybe_recompile pc=0x00007fa9d52d5b30 method=java.util.HashMap.putVal(ILjava/lang/Object;Ljava/lang/Object;ZZ)Ljava/lang/Object; @ 203
Event: 1.837 Thread 0x00007fa9e4009000 Uncommon trap: reason=unstable_if action=reinterpret pc=0x00007fa9d533acc8 method=java.util.HashMap.getNode(ILjava/lang/Object;)Ljava/util/HashMap$Node; @ 62
Event: 1.837 Thread 0x00007fa9e4009000 Uncommon trap: reason=unstable_if action=reinterpret pc=0x00007fa9d52d5a50 method=java.util.HashMap.putVal(ILjava/lang/Object;Ljava/lang/Object;ZZ)Ljava/lang/Object; @ 94
Event: 1.837 Thread 0x00007fa9e4009000 Uncommon trap: reason=unstable_if action=reinterpret pc=0x00007fa9d5311464 method=java.util.HashMap.getNode(ILjava/lang/Object;)Ljava/util/HashMap$Node; @ 62
Event: 2.950 Thread 0x00007fa9e4009000 Uncommon trap: reason=unstable_if action=reinterpret pc=0x00007fa9d52e25b0 method=java.util.HashMap.hash(Ljava/lang/Object;)I @ 1
Event: 3.298 Thread 0x00007fa9e4009000 Uncommon trap: reason=unstable_if action=reinterpret pc=0x00007fa9d54179d0 method=org.apache.activemq.util.MarshallingSupport.convertUTF8WithBuf([B[CII)Ljava/lang/String; @ 9

Classes redefined (0 events):
No events

Internal exceptions (10 events):
Event: 0.424 Thread 0x00007fa9e4009000 Exception <a 'java/lang/ClassNotFoundException': org/apache/log4j/PatternLayoutCustomizer> (0x00000000f0a45fa0) thrown at [/HUDSON/workspace/8-2-build-linux-amd64/jdk8u191/11894/hotspot/src/share/vm/classfile/systemDictionary.cpp, line 210]
Event: 0.430 Thread 0x00007fa9e4009000 Exception <a 'java/lang/ClassNotFoundException': org/apache/log4j/ConsoleAppenderBeanInfo> (0x00000000f0a500c0) thrown at [/HUDSON/workspace/8-2-build-linux-amd64/jdk8u191/11894/hotspot/src/share/vm/classfile/systemDictionary.cpp, line 210]
Event: 0.430 Thread 0x00007fa9e4009000 Exception <a 'java/lang/ClassNotFoundException': org/apache/log4j/WriterAppenderBeanInfo> (0x00000000f0a53408) thrown at [/HUDSON/workspace/8-2-build-linux-amd64/jdk8u191/11894/hotspot/src/share/vm/classfile/systemDictionary.cpp, line 210]
Event: 0.430 Thread 0x00007fa9e4009000 Exception <a 'java/lang/ClassNotFoundException': org/apache/log4j/AppenderSkeletonBeanInfo> (0x00000000f0a569f0) thrown at [/HUDSON/workspace/8-2-build-linux-amd64/jdk8u191/11894/hotspot/src/share/vm/classfile/systemDictionary.cpp, line 210]
Event: 0.431 Thread 0x00007fa9e4009000 Exception <a 'java/lang/ClassNotFoundException': org/apache/log4j/AppenderSkeletonCustomizer> (0x00000000f0a59fe0) thrown at [/HUDSON/workspace/8-2-build-linux-amd64/jdk8u191/11894/hotspot/src/share/vm/classfile/systemDictionary.cpp, line 210]
Event: 0.434 Thread 0x00007fa9e4009000 Exception <a 'java/lang/ClassNotFoundException': org/apache/log4j/WriterAppenderCustomizer> (0x00000000f0a6f7a0) thrown at [/HUDSON/workspace/8-2-build-linux-amd64/jdk8u191/11894/hotspot/src/share/vm/classfile/systemDictionary.cpp, line 210]
Event: 0.436 Thread 0x00007fa9e4009000 Exception <a 'java/lang/ClassNotFoundException': org/apache/log4j/ConsoleAppenderCustomizer> (0x00000000f0a7f450) thrown at [/HUDSON/workspace/8-2-build-linux-amd64/jdk8u191/11894/hotspot/src/share/vm/classfile/systemDictionary.cpp, line 210]
Event: 0.578 Thread 0x00007fa9e4009000 Exception <a 'java/lang/NoSuchFieldError': method resolution failed> (0x00000000f0c1bba0) thrown at [/HUDSON/workspace/8-2-build-linux-amd64/jdk8u191/11894/hotspot/src/share/vm/prims/methodHandles.cpp, line 1167]
Event: 0.579 Thread 0x00007fa9e4009000 Exception <a 'java/lang/NoSuchFieldError': method resolution failed> (0x00000000f0c28f20) thrown at [/HUDSON/workspace/8-2-build-linux-amd64/jdk8u191/11894/hotspot/src/share/vm/prims/methodHandles.cpp, line 1167]
Event: 2.950 Thread 0x00007fa9e4009000 Implicit null exception at 0x00007fa9d52e2518 to 0x00007fa9d52e25a6

Events (10 events):
Event: 3.309 Executing VM operation: GenCollectForAllocation done
Event: 3.373 Executing VM operation: GenCollectForAllocation
Event: 3.401 Executing VM operation: GenCollectForAllocation done
Event: 4.217 Executing VM operation: EnableBiasedLocking
Event: 4.217 Executing VM operation: EnableBiasedLocking done
Event: 4.337 Executing VM operation: GenCollectForAllocation
Event: 4.345 Executing VM operation: GenCollectForAllocation done
Event: 4.372 Thread 0x00007fa9e4009000 DEOPT PACKING pc=0x00007fa9d541a4b0 sp=0x00007fa9eaeac6f0
Event: 4.372 Thread 0x00007fa9e4009000 DEOPT UNPACKING pc=0x00007fa9d50474c4 sp=0x00007fa9eaeac458 mode 0
Event: 4.405 Executing VM operation: GenCollectForAllocation


Dynamic libraries:
00400000-00401000 r-xp 00000000 ca:01 140255                             /home/ec2-user/jdk1.8.0_191/bin/java
00600000-00601000 r--p 00000000 ca:01 140255                             /home/ec2-user/jdk1.8.0_191/bin/java
00601000-00602000 rw-p 00001000 ca:01 140255                             /home/ec2-user/jdk1.8.0_191/bin/java
01144000-01165000 rw-p 00000000 00:00 0                                  [heap]
f0800000-f53d0000 rw-p 00000000 00:00 0 
f53d0000-f5aa0000 ---p 00000000 00:00 0 
f5aa0000-ff225000 rw-p 00000000 00:00 0 
100000000-100160000 rw-p 00000000 00:00 0 
100160000-140000000 ---p 00000000 00:00 0 
7fa9ac000000-7fa9ac021000 rw-p 00000000 00:00 0 
7fa9ac021000-7fa9b0000000 ---p 00000000 00:00 0 
7fa9b4000000-7fa9b46a2000 rw-p 00000000 00:00 0 
7fa9b46a2000-7fa9b8000000 ---p 00000000 00:00 0 
7fa9b8000000-7fa9b8527000 rw-p 00000000 00:00 0 
7fa9b8527000-7fa9bc000000 ---p 00000000 00:00 0 
7fa9bc000000-7fa9bc021000 rw-p 00000000 00:00 0 
7fa9bc021000-7fa9c0000000 ---p 00000000 00:00 0 
7fa9c04b6000-7fa9c04b9000 ---p 00000000 00:00 0 
7fa9c04b9000-7fa9c05b7000 rw-p 00000000 00:00 0 
7fa9c05b7000-7fa9c05ba000 ---p 00000000 00:00 0 
7fa9c05ba000-7fa9c06b8000 rw-p 00000000 00:00 0 
7fa9c06b8000-7fa9c06bb000 ---p 00000000 00:00 0 
7fa9c06bb000-7fa9c07b9000 rw-p 00000000 00:00 0 
7fa9c07b9000-7fa9c07bc000 ---p 00000000 00:00 0 
7fa9c07bc000-7fa9c08ba000 rw-p 00000000 00:00 0 
7fa9c08ba000-7fa9c08d0000 r-xp 00000000 ca:01 3224                       /lib64/libresolv-2.17.so
7fa9c08d0000-7fa9c0acf000 ---p 00016000 ca:01 3224                       /lib64/libresolv-2.17.so
7fa9c0acf000-7fa9c0ad0000 r--p 00015000 ca:01 3224                       /lib64/libresolv-2.17.so
7fa9c0ad0000-7fa9c0ad1000 rw-p 00016000 ca:01 3224                       /lib64/libresolv-2.17.so
7fa9c0ad1000-7fa9c0ad3000 rw-p 00000000 00:00 0 
7fa9c0ad3000-7fa9c0ad9000 r-xp 00000000 ca:01 3212                       /lib64/libnss_dns-2.17.so
7fa9c0ad9000-7fa9c0cd8000 ---p 00006000 ca:01 3212                       /lib64/libnss_dns-2.17.so
7fa9c0cd8000-7fa9c0cd9000 r--p 00005000 ca:01 3212                       /lib64/libnss_dns-2.17.so
7fa9c0cd9000-7fa9c0cda000 rw-p 00006000 ca:01 3212                       /lib64/libnss_dns-2.17.so
7fa9c0cda000-7fa9c0eda000 rw-p 00000000 00:00 0 
7fa9c0eda000-7fa9c0ef0000 r-xp 00000000 ca:01 3129                       /lib64/libgcc_s-7-20170915.so.1
7fa9c0ef0000-7fa9c10ef000 ---p 00016000 ca:01 3129                       /lib64/libgcc_s-7-20170915.so.1
7fa9c10ef000-7fa9c10f0000 rw-p 00015000 ca:01 3129                       /lib64/libgcc_s-7-20170915.so.1
7fa9c10f0000-7fa9c1128000 r-xp 00000000 ca:01 271408                     /home/ec2-user/jdk1.8.0_191/jre/lib/amd64/libsunec.so
7fa9c1128000-7fa9c1327000 ---p 00038000 ca:01 271408                     /home/ec2-user/jdk1.8.0_191/jre/lib/amd64/libsunec.so
7fa9c1327000-7fa9c132c000 r--p 00037000 ca:01 271408                     /home/ec2-user/jdk1.8.0_191/jre/lib/amd64/libsunec.so
7fa9c132c000-7fa9c132e000 rw-p 0003c000 ca:01 271408                     /home/ec2-user/jdk1.8.0_191/jre/lib/amd64/libsunec.so
7fa9c132e000-7fa9c1344000 r-xp 00000000 ca:01 271457                     /home/ec2-user/jdk1.8.0_191/jre/lib/amd64/libnet.so
7fa9c1344000-7fa9c1543000 ---p 00016000 ca:01 271457                     /home/ec2-user/jdk1.8.0_191/jre/lib/amd64/libnet.so
7fa9c1543000-7fa9c1544000 r--p 00015000 ca:01 271457                     /home/ec2-user/jdk1.8.0_191/jre/lib/amd64/libnet.so
7fa9c1544000-7fa9c1545000 rw-p 00016000 ca:01 271457                     /home/ec2-user/jdk1.8.0_191/jre/lib/amd64/libnet.so
7fa9c1545000-7fa9c1556000 r-xp 00000000 ca:01 271460                     /home/ec2-user/jdk1.8.0_191/jre/lib/amd64/libnio.so
7fa9c1556000-7fa9c1755000 ---p 00011000 ca:01 271460                     /home/ec2-user/jdk1.8.0_191/jre/lib/amd64/libnio.so
7fa9c1755000-7fa9c1756000 r--p 00010000 ca:01 271460                     /home/ec2-user/jdk1.8.0_191/jre/lib/amd64/libnio.so
7fa9c1756000-7fa9c1757000 rw-p 00011000 ca:01 271460                     /home/ec2-user/jdk1.8.0_191/jre/lib/amd64/libnio.so
7fa9c1757000-7fa9c1789000 rw-p 00000000 00:00 0 
7fa9c1789000-7fa9c18d4000 r--s 01064000 ca:01 141942                     /home/ec2-user/awsmq/lib/activemq-all-5.15.11.jar
7fa9c18d4000-7fa9c18d5000 ---p 00000000 00:00 0 
7fa9c18d5000-7fa9c19d5000 rw-p 00000000 00:00 0 
7fa9c19d5000-7fa9c19d8000 ---p 00000000 00:00 0 
7fa9c19d8000-7fa9c1ad6000 rw-p 00000000 00:00 0 
7fa9c1ad6000-7fa9c8000000 r--p 00000000 ca:01 3498                       /usr/lib/locale/locale-archive
7fa9c8000000-7fa9c8021000 rw-p 00000000 00:00 0 
7fa9c8021000-7fa9cc000000 ---p 00000000 00:00 0 
7fa9cc000000-7fa9cc021000 rw-p 00000000 00:00 0 
7fa9cc021000-7fa9d0000000 ---p 00000000 00:00 0 
7fa9d0000000-7fa9d02d7000 rw-p 00000000 00:00 0 
7fa9d02d7000-7fa9d4000000 ---p 00000000 00:00 0 
7fa9d4020000-7fa9d4024000 ---p 00000000 00:00 0 
7fa9d4024000-7fa9d4121000 rw-p 00000000 00:00 0 
7fa9d4121000-7fa9d4125000 ---p 00000000 00:00 0 
7fa9d4125000-7fa9d4222000 rw-p 00000000 00:00 0 
7fa9d4222000-7fa9d4225000 ---p 00000000 00:00 0 
7fa9d4225000-7fa9d4323000 rw-p 00000000 00:00 0 
7fa9d4323000-7fa9d4326000 ---p 00000000 00:00 0 
7fa9d4326000-7fa9d4424000 rw-p 00000000 00:00 0 
7fa9d4424000-7fa9d4427000 ---p 00000000 00:00 0 
7fa9d4427000-7fa9d4525000 rw-p 00000000 00:00 0 
7fa9d4525000-7fa9d4526000 ---p 00000000 00:00 0 
7fa9d4526000-7fa9d4626000 rw-p 00000000 00:00 0 
7fa9d4626000-7fa9d4800000 r--s 03d6c000 ca:01 141755                     /home/ec2-user/jdk1.8.0_191/jre/lib/rt.jar
7fa9d4800000-7fa9d5000000 rw-p 00000000 00:00 0 
7fa9d5000000-7fa9d5430000 rwxp 00000000 00:00 0 
7fa9d5430000-7fa9e4000000 ---p 00000000 00:00 0 
7fa9e4000000-7fa9e43b9000 rw-p 00000000 00:00 0 
7fa9e43b9000-7fa9e8000000 ---p 00000000 00:00 0 
7fa9e801b000-7fa9e802e000 r--s 00345000 ca:01 141793                     /home/ec2-user/jdk1.8.0_191/jre/lib/resources.jar
7fa9e802e000-7fa9e8187000 rw-p 00000000 00:00 0 
7fa9e8187000-7fa9e8536000 ---p 00000000 00:00 0 
7fa9e8536000-7fa9e8550000 r-xp 00000000 ca:01 271453                     /home/ec2-user/jdk1.8.0_191/jre/lib/amd64/libzip.so
7fa9e8550000-7fa9e8750000 ---p 0001a000 ca:01 271453                     /home/ec2-user/jdk1.8.0_191/jre/lib/amd64/libzip.so
7fa9e8750000-7fa9e8751000 r--p 0001a000 ca:01 271453                     /home/ec2-user/jdk1.8.0_191/jre/lib/amd64/libzip.so
7fa9e8751000-7fa9e8752000 rw-p 0001b000 ca:01 271453                     /home/ec2-user/jdk1.8.0_191/jre/lib/amd64/libzip.so
7fa9e8752000-7fa9e875e000 r-xp 00000000 ca:01 3214                       /lib64/libnss_files-2.17.so
7fa9e875e000-7fa9e895d000 ---p 0000c000 ca:01 3214                       /lib64/libnss_files-2.17.so
7fa9e895d000-7fa9e895e000 r--p 0000b000 ca:01 3214                       /lib64/libnss_files-2.17.so
7fa9e895e000-7fa9e895f000 rw-p 0000c000 ca:01 3214                       /lib64/libnss_files-2.17.so
7fa9e895f000-7fa9e8965000 rw-p 00000000 00:00 0 
7fa9e8965000-7fa9e8992000 r-xp 00000000 ca:01 271447                     /home/ec2-user/jdk1.8.0_191/jre/lib/amd64/libjava.so
7fa9e8992000-7fa9e8b91000 ---p 0002d000 ca:01 271447                     /home/ec2-user/jdk1.8.0_191/jre/lib/amd64/libjava.so
7fa9e8b91000-7fa9e8b92000 r--p 0002c000 ca:01 271447                     /home/ec2-user/jdk1.8.0_191/jre/lib/amd64/libjava.so
7fa9e8b92000-7fa9e8b94000 rw-p 0002d000 ca:01 271447                     /home/ec2-user/jdk1.8.0_191/jre/lib/amd64/libjava.so
7fa9e8b94000-7fa9e8ba1000 r-xp 00000000 ca:01 271452                     /home/ec2-user/jdk1.8.0_191/jre/lib/amd64/libverify.so
7fa9e8ba1000-7fa9e8da0000 ---p 0000d000 ca:01 271452                     /home/ec2-user/jdk1.8.0_191/jre/lib/amd64/libverify.so
7fa9e8da0000-7fa9e8da2000 r--p 0000c000 ca:01 271452                     /home/ec2-user/jdk1.8.0_191/jre/lib/amd64/libverify.so
7fa9e8da2000-7fa9e8da3000 rw-p 0000e000 ca:01 271452                     /home/ec2-user/jdk1.8.0_191/jre/lib/amd64/libverify.so
7fa9e8da3000-7fa9e8daa000 r-xp 00000000 ca:01 3226                       /lib64/librt-2.17.so
7fa9e8daa000-7fa9e8fa9000 ---p 00007000 ca:01 3226                       /lib64/librt-2.17.so
7fa9e8fa9000-7fa9e8faa000 r--p 00006000 ca:01 3226                       /lib64/librt-2.17.so
7fa9e8faa000-7fa9e8fab000 rw-p 00007000 ca:01 3226                       /lib64/librt-2.17.so
7fa9e8fab000-7fa9e90ac000 r-xp 00000000 ca:01 3204                       /lib64/libm-2.17.so
7fa9e90ac000-7fa9e92ab000 ---p 00101000 ca:01 3204                       /lib64/libm-2.17.so
7fa9e92ab000-7fa9e92ac000 r--p 00100000 ca:01 3204                       /lib64/libm-2.17.so
7fa9e92ac000-7fa9e92ad000 rw-p 00101000 ca:01 3204                       /lib64/libm-2.17.so
7fa9e92ad000-7fa9e9f8f000 r-xp 00000000 ca:01 271429                     /home/ec2-user/jdk1.8.0_191/jre/lib/amd64/server/libjvm.so
7fa9e9f8f000-7fa9ea18f000 ---p 00ce2000 ca:01 271429                     /home/ec2-user/jdk1.8.0_191/jre/lib/amd64/server/libjvm.so
7fa9ea18f000-7fa9ea225000 r--p 00ce2000 ca:01 271429                     /home/ec2-user/jdk1.8.0_191/jre/lib/amd64/server/libjvm.so
7fa9ea225000-7fa9ea256000 rw-p 00d78000 ca:01 271429                     /home/ec2-user/jdk1.8.0_191/jre/lib/amd64/server/libjvm.so
7fa9ea256000-7fa9ea291000 rw-p 00000000 00:00 0 
7fa9ea291000-7fa9ea454000 r-xp 00000000 ca:01 3196                       /lib64/libc-2.17.so
7fa9ea454000-7fa9ea654000 ---p 001c3000 ca:01 3196                       /lib64/libc-2.17.so
7fa9ea654000-7fa9ea658000 r--p 001c3000 ca:01 3196                       /lib64/libc-2.17.so
7fa9ea658000-7fa9ea65a000 rw-p 001c7000 ca:01 3196                       /lib64/libc-2.17.so
7fa9ea65a000-7fa9ea65f000 rw-p 00000000 00:00 0 
7fa9ea65f000-7fa9ea661000 r-xp 00000000 ca:01 3202                       /lib64/libdl-2.17.so
7fa9ea661000-7fa9ea861000 ---p 00002000 ca:01 3202                       /lib64/libdl-2.17.so
7fa9ea861000-7fa9ea862000 r--p 00002000 ca:01 3202                       /lib64/libdl-2.17.so
7fa9ea862000-7fa9ea863000 rw-p 00003000 ca:01 3202                       /lib64/libdl-2.17.so
7fa9ea863000-7fa9ea87a000 r-xp 00000000 ca:01 141617                     /home/ec2-user/jdk1.8.0_191/lib/amd64/jli/libjli.so
7fa9ea87a000-7fa9eaa79000 ---p 00017000 ca:01 141617                     /home/ec2-user/jdk1.8.0_191/lib/amd64/jli/libjli.so
7fa9eaa79000-7fa9eaa7a000 r--p 00016000 ca:01 141617                     /home/ec2-user/jdk1.8.0_191/lib/amd64/jli/libjli.so
7fa9eaa7a000-7fa9eaa7b000 rw-p 00017000 ca:01 141617                     /home/ec2-user/jdk1.8.0_191/lib/amd64/jli/libjli.so
7fa9eaa7b000-7fa9eaa92000 r-xp 00000000 ca:01 3222                       /lib64/libpthread-2.17.so
7fa9eaa92000-7fa9eac91000 ---p 00017000 ca:01 3222                       /lib64/libpthread-2.17.so
7fa9eac91000-7fa9eac92000 r--p 00016000 ca:01 3222                       /lib64/libpthread-2.17.so
7fa9eac92000-7fa9eac93000 rw-p 00017000 ca:01 3222                       /lib64/libpthread-2.17.so
7fa9eac93000-7fa9eac97000 rw-p 00000000 00:00 0 
7fa9eac97000-7fa9eacb9000 r-xp 00000000 ca:01 3189                       /lib64/ld-2.17.so
7fa9eacc8000-7fa9eacc9000 rw-p 00000000 00:00 0 
7fa9eacc9000-7fa9eacce000 r--s 0003f000 ca:01 141824                     /home/ec2-user/jdk1.8.0_191/jre/lib/ext/sunjce_provider.jar
7fa9eacce000-7fa9eacd0000 r--s 00009000 ca:01 141814                     /home/ec2-user/jdk1.8.0_191/jre/lib/ext/sunec.jar
7fa9eacd0000-7fa9eacd5000 r--s 000a0000 ca:01 141812                     /home/ec2-user/jdk1.8.0_191/jre/lib/jsse.jar
7fa9eacd5000-7fa9ead21000 rw-p 00000000 00:00 0 
7fa9ead21000-7fa9ead28000 ---p 00000000 00:00 0 
7fa9ead28000-7fa9ead4e000 rw-p 00000000 00:00 0 
7fa9ead4e000-7fa9ead51000 ---p 00000000 00:00 0 
7fa9ead51000-7fa9ead9e000 rw-p 00000000 00:00 0 
7fa9ead9e000-7fa9eada4000 ---p 00000000 00:00 0 
7fa9eada4000-7fa9eada5000 rw-p 00000000 00:00 0 
7fa9eada5000-7fa9eadad000 rw-s 00000000 ca:01 274656                     /tmp/hsperfdata_ec2-user/4694
7fa9eadad000-7fa9eadb1000 ---p 00000000 00:00 0 
7fa9eadb1000-7fa9eaeb2000 rw-p 00000000 00:00 0 
7fa9eaeb2000-7fa9eaeb5000 r--s 0001a000 ca:01 141861                     /home/ec2-user/jdk1.8.0_191/jre/lib/jce.jar
7fa9eaeb5000-7fa9eaeb6000 rw-p 00000000 00:00 0 
7fa9eaeb6000-7fa9eaeb7000 ---p 00000000 00:00 0 
7fa9eaeb7000-7fa9eaeb8000 rw-p 00000000 00:00 0 
7fa9eaeb8000-7fa9eaeb9000 r--p 00021000 ca:01 3189                       /lib64/ld-2.17.so
7fa9eaeb9000-7fa9eaeba000 rw-p 00022000 ca:01 3189                       /lib64/ld-2.17.so
7fa9eaeba000-7fa9eaebb000 rw-p 00000000 00:00 0 
7ffcd933a000-7ffcd935b000 rw-p 00000000 00:00 0                          [stack]
7ffcd93fb000-7ffcd93fe000 r--p 00000000 00:00 0                          [vvar]
7ffcd93fe000-7ffcd9400000 r-xp 00000000 00:00 0                          [vdso]
ffffffffff600000-ffffffffff601000 r-xp 00000000 00:00 0                  [vsyscall]

VM Arguments:
java_command: consumer_durability_efs jjouhiu-mq-efs 1000 999999
java_class_path (initial): lib/activemq-all-5.15.11.jar:.
Launcher Type: SUN_STANDARD

Environment Variables:
JAVA_HOME=/usr/lib/jvm/jre
PATH=/home/ec2-user/jdk1.8.0_191/bin:/usr/local/bin:/bin:/usr/bin:/usr/local/sbin:/usr/sbin:/sbin:/opt/aws/bin:/home/ec2-user/.local/bin:/home/ec2-user/bin
SHELL=/bin/bash

Signal Handlers:
SIGSEGV: [libjvm.so+0xaced60], sa_mask[0]=11111111011111111101111111111110, sa_flags=SA_RESTART|SA_SIGINFO
SIGBUS: [libjvm.so+0xaced60], sa_mask[0]=11111111011111111101111111111110, sa_flags=SA_RESTART|SA_SIGINFO
SIGFPE: [libjvm.so+0x907ca0], sa_mask[0]=11111111011111111101111111111110, sa_flags=SA_RESTART|SA_SIGINFO
SIGPIPE: [libjvm.so+0x907ca0], sa_mask[0]=11111111011111111101111111111110, sa_flags=SA_RESTART|SA_SIGINFO
SIGXFSZ: [libjvm.so+0x907ca0], sa_mask[0]=11111111011111111101111111111110, sa_flags=SA_RESTART|SA_SIGINFO
SIGILL: [libjvm.so+0x907ca0], sa_mask[0]=11111111011111111101111111111110, sa_flags=SA_RESTART|SA_SIGINFO
SIGUSR1: SIG_DFL, sa_mask[0]=00000000000000000000000000000000, sa_flags=none
SIGUSR2: [libjvm.so+0x907b70], sa_mask[0]=00000000000000000000000000000000, sa_flags=SA_RESTART|SA_SIGINFO
SIGHUP: [libjvm.so+0x908190], sa_mask[0]=11111111011111111101111111111110, sa_flags=SA_RESTART|SA_SIGINFO
SIGINT: [libjvm.so+0x908190], sa_mask[0]=11111111011111111101111111111110, sa_flags=SA_RESTART|SA_SIGINFO
SIGTERM: [libjvm.so+0x908190], sa_mask[0]=11111111011111111101111111111110, sa_flags=SA_RESTART|SA_SIGINFO
SIGQUIT: [libjvm.so+0x908190], sa_mask[0]=11111111011111111101111111111110, sa_flags=SA_RESTART|SA_SIGINFO


---------------  S Y S T E M  ---------------

OS:Amazon Linux AMI release 2018.03

uname:Linux 4.14.165-102.185.amzn1.x86_64 #1 SMP Wed Jan 15 01:39:43 UTC 2020 x86_64
libc:glibc 2.17 NPTL 2.17 
rlimit: STACK 8192k, CORE 0k, NPROC 3858, NOFILE 4096, AS infinity
load average:0.00 0.01 0.00

/proc/meminfo:
MemTotal:        1009148 kB
MemFree:           62300 kB
MemAvailable:       2156 kB
Buffers:             244 kB
Cached:            12304 kB
SwapCached:            0 kB
Active:           897684 kB
Inactive:           8740 kB
Active(anon):     893892 kB
Inactive(anon):       52 kB
Active(file):       3792 kB
Inactive(file):     8688 kB
Unevictable:           0 kB
Mlocked:               0 kB
SwapTotal:             0 kB
SwapFree:              0 kB
Dirty:                96 kB
Writeback:             0 kB
AnonPages:        893884 kB
Mapped:             7784 kB
Shmem:                60 kB
Slab:              21192 kB
SReclaimable:       9964 kB
SUnreclaim:        11228 kB
KernelStack:        2896 kB
PageTables:         6504 kB
NFS_Unstable:          0 kB
Bounce:                0 kB
WritebackTmp:          0 kB
CommitLimit:      504572 kB
Committed_AS:    1224328 kB
VmallocTotal:   34359738367 kB
VmallocUsed:           0 kB
VmallocChunk:          0 kB
AnonHugePages:         0 kB
ShmemHugePages:        0 kB
ShmemPmdMapped:        0 kB
HugePages_Total:       0
HugePages_Free:        0
HugePages_Rsvd:        0
HugePages_Surp:        0
Hugepagesize:       2048 kB
DirectMap4k:       55296 kB
DirectMap2M:      993280 kB


CPU:total 1 (initial active 1) (1 cores per cpu, 1 threads per core) family 6 model 63 stepping 2, cmov, cx8, fxsr, mmx, sse, sse2, sse3, ssse3, sse4.1, sse4.2, popcnt, avx, avx2, aes, clmul, erms, lzcnt, tsc, bmi1, bmi2

/proc/cpuinfo:
processor	: 0
vendor_id	: GenuineIntel
cpu family	: 6
model		: 63
model name	: Intel(R) Xeon(R) CPU E5-2676 v3 @ 2.40GHz
stepping	: 2
microcode	: 0x43
cpu MHz		: 2400.034
cache size	: 30720 KB
physical id	: 0
siblings	: 1
core id		: 0
cpu cores	: 1
apicid		: 0
initial apicid	: 0
fpu		: yes
fpu_exception	: yes
cpuid level	: 13
wp		: yes
flags		: fpu vme de pse tsc msr pae mce cx8 apic sep mtrr pge mca cmov pat pse36 clflush mmx fxsr sse sse2 ht syscall nx rdtscp lm constant_tsc rep_good nopl xtopology cpuid pni pclmulqdq ssse3 fma cx16 pcid sse4_1 sse4_2 x2apic movbe popcnt tsc_deadline_timer aes xsave avx f16c rdrand hypervisor lahf_lm abm cpuid_fault invpcid_single pti fsgsbase bmi1 avx2 smep bmi2 erms invpcid xsaveopt
bugs		: cpu_meltdown spectre_v1 spectre_v2 spec_store_bypass l1tf mds swapgs itlb_multihit
bogomips	: 4800.09
clflush size	: 64
cache_alignment	: 64
address sizes	: 46 bits physical, 48 bits virtual
power management:



Memory: 4k page, physical 1009148k(62300k free), swap 0k(0k free)

vm_info: Java HotSpot(TM) 64-Bit Server VM (25.191-b12) for linux-amd64 JRE (1.8.0_191-b12), built on Oct  6 2018 05:43:09 by "java_re" with gcc 7.3.0

time: Thu Feb 27 12:14:59 2020
elapsed time: 4 seconds (0d 0h 0m 4s)

